<?xml version="1.0" encoding="UTF-8"?>
<!-- Generated by org.testng.reporters.JUnitReportReporter -->
<testsuite hostname="DESKTOP-9CPBSUT" failures="0" tests="1" name="automation.testscript.CustomerCreation" time="15.879" errors="0" timestamp="2022-11-18T11:33:23 IST" skipped="0">
  <testcase classname="automation.testscript.CustomerCreation" name="createCustomer" time="15.879"/>
  <system-out/>
</testsuite> <!-- automation.testscript.CustomerCreation -->
