<?xml version="1.0" encoding="UTF-8"?>
<!-- Generated by org.testng.reporters.JUnitReportReporter -->
<testsuite hostname="DESKTOP-9CPBSUT" failures="0" tests="2" name="automation.testscript.DropDownHandling" time="24.037" errors="0" timestamp="2022-11-17T10:21:02 IST" skipped="0">
  <testcase classname="automation.testscript.DropDownHandling" name="generalSettings" time="12.387"/>
  <system-out/>
  <testcase classname="automation.testscript.DropDownHandling" name="generalSettings" time="11.650"/>
  <system-out/>
</testsuite> <!-- automation.testscript.DropDownHandling -->
