<?xml version="1.0" encoding="UTF-8"?>
<!-- Generated by org.testng.reporters.JUnitReportReporter -->
<testsuite hostname="DESKTOP-9CPBSUT" failures="0" tests="5" name="com.section3.DemoDataProvider" time="47.170" errors="0" timestamp="2022-11-17T11:11:47 IST" skipped="0">
  <testcase classname="com.section3.DemoDataProvider" name="loginApp" time="17.178"/>
  <system-out/>
  <testcase classname="com.section3.DemoDataProvider" name="loginApp" time="6.789"/>
  <system-out/>
  <testcase classname="com.section3.DemoDataProvider" name="loginApp" time="7.456"/>
  <system-out/>
  <testcase classname="com.section3.DemoDataProvider" name="loginApp" time="6.834"/>
  <system-out/>
  <testcase classname="com.section3.DemoDataProvider" name="loginApp" time="8.913"/>
  <system-out/>
</testsuite> <!-- com.section3.DemoDataProvider -->
