<?xml version="1.0" encoding="UTF-8"?>
<!-- Generated by org.testng.reporters.JUnitReportReporter -->
<testsuite hostname="DESKTOP-9CPBSUT" failures="0" tests="1" name="automation.testscript.Alertpopup" time="12.713" errors="0" timestamp="2022-11-15T11:15:41 IST" skipped="0">
  <testcase classname="automation.testscript.Alertpopup" name="alerHandling" time="12.713"/>
  <system-out/>
</testsuite> <!-- automation.testscript.Alertpopup -->
